<?xml version="1.0" encoding="UTF-8"?>
<!-- Generated by org.testng.reporters.JUnitReportReporter -->
<testsuite hostname="DESKTOP-J4SRGEC" failures="0" tests="1" name="dragdrop.dropdrag" time="0.983" errors="0" timestamp="2024-07-07T20:59:10 IST" skipped="0">
  <testcase classname="dragdrop.dropdrag" name="draganddrop" time="0.983"/>
  <system-out/>
</testsuite> <!-- dragdrop.dropdrag -->
